{"level":"\u001b[32minfo\u001b[39m","message":"{\"method\":\"GET\",\"url\":\"/test\",\"status\":\"200\",\"responseTime\":\"3.248\"}","timestamp":"2025-11-17T12:18:54.502Z"}
{"level":"\u001b[32minfo\u001b[39m","message":"{\"method\":\"GET\",\"url\":\"/favicon.ico\",\"status\":\"404\",\"responseTime\":\"1.617\"}","timestamp":"2025-11-17T12:18:54.647Z"}
{"level":"\u001b[32minfo\u001b[39m","message":"{\"method\":\"GET\",\"url\":\"/test\",\"status\":\"304\",\"responseTime\":\"4.830\"}","timestamp":"2025-11-17T12:19:44.576Z"}
{"level":"\u001b[32minfo\u001b[39m","message":"{\"method\":\"POST\",\"url\":\"/api/auth/login\",\"status\":\"400\",\"responseTime\":\"71.319\"}","timestamp":"2025-11-17T12:19:51.991Z"}
{"level":"\u001b[32minfo\u001b[39m","message":"{\"method\":\"POST\",\"url\":\"/api/auth/login\",\"status\":\"400\",\"responseTime\":\"59.786\"}","timestamp":"2025-11-17T12:19:53.680Z"}
{"level":"\u001b[32minfo\u001b[39m","message":"{\"method\":\"POST\",\"url\":\"/api/auth/login\",\"status\":\"400\",\"responseTime\":\"58.816\"}","timestamp":"2025-11-17T12:20:03.601Z"}
{"level":"\u001b[32minfo\u001b[39m","message":"{\"method\":\"POST\",\"url\":\"/api/auth/login\",\"status\":\"400\",\"responseTime\":\"72.654\"}","timestamp":"2025-11-17T12:20:04.422Z"}
{"level":"\u001b[32minfo\u001b[39m","message":"{\"method\":\"POST\",\"url\":\"/api/auth/login\",\"status\":\"400\",\"responseTime\":\"76.359\"}","timestamp":"2025-11-17T12:20:04.642Z"}
{"level":"\u001b[32minfo\u001b[39m","message":"{\"method\":\"POST\",\"url\":\"/api/auth/login\",\"status\":\"400\",\"responseTime\":\"79.018\"}","timestamp":"2025-11-17T12:20:04.863Z"}
{"level":"\u001b[32minfo\u001b[39m","message":"{\"method\":\"POST\",\"url\":\"/api/auth/login\",\"status\":\"400\",\"responseTime\":\"68.472\"}","timestamp":"2025-11-17T12:20:05.008Z"}
{"level":"\u001b[32minfo\u001b[39m","message":"{\"method\":\"POST\",\"url\":\"/api/auth/login\",\"status\":\"400\",\"responseTime\":\"61.982\"}","timestamp":"2025-11-17T12:20:05.198Z"}
{"level":"\u001b[32minfo\u001b[39m","message":"{\"method\":\"POST\",\"url\":\"/api/auth/login\",\"status\":\"400\",\"responseTime\":\"72.363\"}","timestamp":"2025-11-17T12:20:05.409Z"}
{"level":"\u001b[32minfo\u001b[39m","message":"{\"method\":\"POST\",\"url\":\"/api/auth/login\",\"status\":\"400\",\"responseTime\":\"62.454\"}","timestamp":"2025-11-17T12:20:05.567Z"}
{"level":"\u001b[32minfo\u001b[39m","message":"{\"method\":\"POST\",\"url\":\"/api/auth/login\",\"status\":\"400\",\"responseTime\":\"66.307\"}","timestamp":"2025-11-17T12:20:10.275Z"}
{"level":"\u001b[32minfo\u001b[39m","message":"{\"method\":\"POST\",\"url\":\"/api/auth/login\",\"status\":\"400\",\"responseTime\":\"79.826\"}","timestamp":"2025-11-17T12:20:15.240Z"}
{"level":"\u001b[32minfo\u001b[39m","message":"{\"method\":\"POST\",\"url\":\"/api/auth/login\",\"status\":\"400\",\"responseTime\":\"65.581\"}","timestamp":"2025-11-17T12:20:21.491Z"}
{"level":"\u001b[32minfo\u001b[39m","message":"{\"method\":\"POST\",\"url\":\"/api/auth/login\",\"status\":\"400\",\"responseTime\":\"70.882\"}","timestamp":"2025-11-17T12:20:26.702Z"}
{"level":"\u001b[32minfo\u001b[39m","message":"{\"method\":\"POST\",\"url\":\"/api/auth/login\",\"status\":\"400\",\"responseTime\":\"80.150\"}","timestamp":"2025-11-17T12:20:28.709Z"}
{"level":"\u001b[32minfo\u001b[39m","message":"{\"method\":\"POST\",\"url\":\"/api/auth/login\",\"status\":\"400\",\"responseTime\":\"72.112\"}","timestamp":"2025-11-17T12:20:34.498Z"}
{"level":"\u001b[32minfo\u001b[39m","message":"{\"method\":\"POST\",\"url\":\"/api/auth/login\",\"status\":\"400\",\"responseTime\":\"75.601\"}","timestamp":"2025-11-17T12:20:35.313Z"}
{"level":"\u001b[32minfo\u001b[39m","message":"{\"method\":\"POST\",\"url\":\"/api/auth/login\",\"status\":\"400\",\"responseTime\":\"77.313\"}","timestamp":"2025-11-17T12:20:35.498Z"}
{"level":"\u001b[32minfo\u001b[39m","message":"{\"method\":\"POST\",\"url\":\"/api/auth/login\",\"status\":\"400\",\"responseTime\":\"69.020\"}","timestamp":"2025-11-17T12:20:35.658Z"}
{"level":"\u001b[32minfo\u001b[39m","message":"{\"method\":\"POST\",\"url\":\"/api/auth/login\",\"status\":\"400\",\"responseTime\":\"75.986\"}","timestamp":"2025-11-17T12:20:35.850Z"}
{"level":"\u001b[32minfo\u001b[39m","message":"{\"method\":\"POST\",\"url\":\"/api/auth/login\",\"status\":\"400\",\"responseTime\":\"74.092\"}","timestamp":"2025-11-17T12:20:36.084Z"}
{"level":"\u001b[32minfo\u001b[39m","message":"{\"method\":\"POST\",\"url\":\"/api/auth/login\",\"status\":\"400\",\"responseTime\":\"69.758\"}","timestamp":"2025-11-17T12:20:36.255Z"}
{"level":"\u001b[32minfo\u001b[39m","message":"{\"method\":\"POST\",\"url\":\"/api/auth/login\",\"status\":\"400\",\"responseTime\":\"64.009\"}","timestamp":"2025-11-17T12:20:36.431Z"}
{"level":"\u001b[32minfo\u001b[39m","message":"{\"method\":\"POST\",\"url\":\"/api/auth/login\",\"status\":\"400\",\"responseTime\":\"74.364\"}","timestamp":"2025-11-17T12:20:36.606Z"}
{"level":"\u001b[32minfo\u001b[39m","message":"{\"method\":\"POST\",\"url\":\"/api/auth/login\",\"status\":\"400\",\"responseTime\":\"71.324\"}","timestamp":"2025-11-17T12:20:36.780Z"}
{"level":"\u001b[32minfo\u001b[39m","message":"{\"method\":\"POST\",\"url\":\"/api/auth/login\",\"status\":\"400\",\"responseTime\":\"62.815\"}","timestamp":"2025-11-17T12:20:36.940Z"}
{"level":"\u001b[32minfo\u001b[39m","message":"{\"method\":\"POST\",\"url\":\"/api/auth/login\",\"status\":\"400\",\"responseTime\":\"68.350\"}","timestamp":"2025-11-17T12:20:38.683Z"}
{"level":"\u001b[32minfo\u001b[39m","message":"{\"method\":\"POST\",\"url\":\"/api/auth/student/register\",\"status\":\"200\",\"responseTime\":\"307.227\"}","timestamp":"2025-11-17T12:24:25.586Z"}
{"level":"\u001b[32minfo\u001b[39m","message":"{\"method\":\"POST\",\"url\":\"/api/auth/login\",\"status\":\"200\",\"responseTime\":\"154.702\"}","timestamp":"2025-11-17T12:24:29.156Z"}
{"level":"\u001b[32minfo\u001b[39m","message":"{\"method\":\"GET\",\"url\":\"/api/mentors\",\"status\":\"200\",\"responseTime\":\"67.584\"}","timestamp":"2025-11-17T12:24:29.239Z"}
{"level":"\u001b[32minfo\u001b[39m","message":"{\"method\":\"GET\",\"url\":\"/api/requests/me\",\"status\":\"200\",\"responseTime\":\"126.067\"}","timestamp":"2025-11-17T12:24:29.301Z"}
{"level":"\u001b[32minfo\u001b[39m","message":"{\"method\":\"GET\",\"url\":\"/api/mentors\",\"status\":\"304\",\"responseTime\":\"62.436\"}","timestamp":"2025-11-17T12:24:29.303Z"}
{"level":"\u001b[32minfo\u001b[39m","message":"{\"method\":\"GET\",\"url\":\"/api/requests/me\",\"status\":\"304\",\"responseTime\":\"122.801\"}","timestamp":"2025-11-17T12:24:29.428Z"}
{"level":"\u001b[32minfo\u001b[39m","message":"{\"method\":\"POST\",\"url\":\"/auth/login\",\"status\":\"404\",\"responseTime\":\"8.718\"}","timestamp":"2025-11-18T06:00:37.334Z"}
{"level":"\u001b[32minfo\u001b[39m","message":"{\"method\":\"POST\",\"url\":\"/auth/login\",\"status\":\"404\",\"responseTime\":\"0.847\"}","timestamp":"2025-11-18T06:00:50.616Z"}
{"level":"\u001b[32minfo\u001b[39m","message":"{\"method\":\"POST\",\"url\":\"/auth/login\",\"status\":\"404\",\"responseTime\":\"0.325\"}","timestamp":"2025-11-18T06:00:52.057Z"}
{"level":"\u001b[32minfo\u001b[39m","message":"{\"method\":\"POST\",\"url\":\"/auth/login\",\"status\":\"404\",\"responseTime\":\"0.212\"}","timestamp":"2025-11-18T06:01:09.262Z"}
{"level":"\u001b[32minfo\u001b[39m","message":"{\"method\":\"POST\",\"url\":\"/auth/login\",\"status\":\"404\",\"responseTime\":\"0.267\"}","timestamp":"2025-11-18T06:01:10.622Z"}
{"level":"\u001b[32minfo\u001b[39m","message":"{\"method\":\"POST\",\"url\":\"/auth/login\",\"status\":\"404\",\"responseTime\":\"0.345\"}","timestamp":"2025-11-18T06:01:19.735Z"}
{"level":"\u001b[32minfo\u001b[39m","message":"{\"method\":\"POST\",\"url\":\"/api/auth/login\",\"status\":\"200\",\"responseTime\":\"190.052\"}","timestamp":"2025-11-18T06:01:46.417Z"}
{"level":"\u001b[32minfo\u001b[39m","message":"{\"method\":\"GET\",\"url\":\"/api/mentors\",\"status\":\"200\",\"responseTime\":\"70.305\"}","timestamp":"2025-11-18T06:01:46.528Z"}
{"level":"\u001b[32minfo\u001b[39m","message":"{\"method\":\"GET\",\"url\":\"/api/mentors\",\"status\":\"200\",\"responseTime\":\"56.754\"}","timestamp":"2025-11-18T06:01:46.530Z"}
{"level":"\u001b[32minfo\u001b[39m","message":"{\"method\":\"GET\",\"url\":\"/api/requests/me\",\"status\":\"200\",\"responseTime\":\"131.989\"}","timestamp":"2025-11-18T06:01:46.606Z"}
{"level":"\u001b[32minfo\u001b[39m","message":"{\"method\":\"GET\",\"url\":\"/api/requests/me\",\"status\":\"200\",\"responseTime\":\"763.401\"}","timestamp":"2025-11-18T06:01:47.237Z"}
{"level":"\u001b[32minfo\u001b[39m","message":"{\"method\":\"GET\",\"url\":\"/api/admin/stats\",\"status\":\"401\",\"responseTime\":\"83.582\"}","timestamp":"2025-11-18T06:05:21.667Z"}
{"level":"\u001b[32minfo\u001b[39m","message":"{\"method\":\"GET\",\"url\":\"/api/admin/stats\",\"status\":\"-\",\"responseTime\":\"-\"}","timestamp":"2025-11-18T06:05:21.724Z"}
{"level":"\u001b[32minfo\u001b[39m","message":"{\"method\":\"POST\",\"url\":\"/api/admin/login\",\"status\":\"401\",\"responseTime\":\"64.224\"}","timestamp":"2025-11-18T06:05:23.671Z"}
{"level":"\u001b[32minfo\u001b[39m","message":"{\"method\":\"POST\",\"url\":\"/api/admin/login\",\"status\":\"401\",\"responseTime\":\"60.595\"}","timestamp":"2025-11-18T06:05:29.591Z"}
{"level":"\u001b[32minfo\u001b[39m","message":"{\"method\":\"POST\",\"url\":\"/api/admin/login\",\"status\":\"401\",\"responseTime\":\"55.644\"}","timestamp":"2025-11-18T06:05:41.083Z"}
{"level":"\u001b[32minfo\u001b[39m","message":"{\"method\":\"POST\",\"url\":\"/api/admin/login\",\"status\":\"401\",\"responseTime\":\"66.151\"}","timestamp":"2025-11-18T06:05:46.251Z"}
{"level":"\u001b[32minfo\u001b[39m","message":"{\"method\":\"POST\",\"url\":\"/api/admin/login\",\"status\":\"401\",\"responseTime\":\"71.039\"}","timestamp":"2025-11-18T06:06:18.310Z"}
{"level":"\u001b[32minfo\u001b[39m","message":"{\"method\":\"POST\",\"url\":\"/api/admin/login\",\"status\":\"401\",\"responseTime\":\"65.071\"}","timestamp":"2025-11-18T06:06:34.821Z"}
{"level":"\u001b[32minfo\u001b[39m","message":"{\"method\":\"POST\",\"url\":\"/api/admin/login\",\"status\":\"401\",\"responseTime\":\"69.930\"}","timestamp":"2025-11-18T06:06:36.983Z"}
{"level":"\u001b[32minfo\u001b[39m","message":"{\"method\":\"POST\",\"url\":\"/api/admin/login\",\"status\":\"401\",\"responseTime\":\"59.865\"}","timestamp":"2025-11-18T06:07:52.985Z"}
{"level":"\u001b[32minfo\u001b[39m","message":"{\"method\":\"POST\",\"url\":\"/api/admin/login\",\"status\":\"401\",\"responseTime\":\"82.800\"}","timestamp":"2025-11-18T06:08:49.476Z"}
{"level":"\u001b[32minfo\u001b[39m","message":"{\"method\":\"POST\",\"url\":\"/api/admin/login\",\"status\":\"401\",\"responseTime\":\"60.460\"}","timestamp":"2025-11-18T06:08:56.107Z"}
{"level":"\u001b[32minfo\u001b[39m","message":"{\"method\":\"POST\",\"url\":\"/api/admin/login\",\"status\":\"401\",\"responseTime\":\"61.377\"}","timestamp":"2025-11-18T06:09:28.015Z"}
{"level":"\u001b[32minfo\u001b[39m","message":"{\"method\":\"POST\",\"url\":\"/api/admin/login\",\"status\":\"401\",\"responseTime\":\"71.531\"}","timestamp":"2025-11-18T06:11:29.472Z"}
{"level":"\u001b[32minfo\u001b[39m","message":"{\"method\":\"POST\",\"url\":\"/api/admin/login\",\"status\":\"401\",\"responseTime\":\"55.670\"}","timestamp":"2025-11-18T06:11:34.115Z"}
{"level":"\u001b[32minfo\u001b[39m","message":"{\"method\":\"POST\",\"url\":\"/api/admin/login\",\"status\":\"401\",\"responseTime\":\"64.332\"}","timestamp":"2025-11-18T06:11:40.014Z"}
{"level":"\u001b[32minfo\u001b[39m","message":"{\"method\":\"POST\",\"url\":\"/api/admin/login\",\"status\":\"401\",\"responseTime\":\"54.275\"}","timestamp":"2025-11-18T06:11:41.685Z"}
{"level":"\u001b[32minfo\u001b[39m","message":"{\"method\":\"POST\",\"url\":\"/api/admin/login\",\"status\":\"401\",\"responseTime\":\"61.323\"}","timestamp":"2025-11-18T06:12:02.650Z"}
{"level":"\u001b[32minfo\u001b[39m","message":"{\"method\":\"POST\",\"url\":\"/api/admin/login\",\"status\":\"401\",\"responseTime\":\"64.545\"}","timestamp":"2025-11-18T06:12:16.747Z"}
{"level":"\u001b[32minfo\u001b[39m","message":"{\"method\":\"POST\",\"url\":\"/api/admin/login\",\"status\":\"-\",\"responseTime\":\"-\"}","timestamp":"2025-11-18T06:14:27.815Z"}
{"level":"\u001b[32minfo\u001b[39m","message":"{\"method\":\"POST\",\"url\":\"/api/admin/login\",\"status\":\"401\",\"responseTime\":\"74.376\"}","timestamp":"2025-11-18T06:20:24.690Z"}
{"level":"\u001b[32minfo\u001b[39m","message":"{\"method\":\"POST\",\"url\":\"/api/admin/login\",\"status\":\"401\",\"responseTime\":\"64.213\"}","timestamp":"2025-11-18T06:20:27.115Z"}
{"level":"\u001b[32minfo\u001b[39m","message":"{\"method\":\"POST\",\"url\":\"/api/admin/login\",\"status\":\"401\",\"responseTime\":\"62.866\"}","timestamp":"2025-11-18T06:20:56.997Z"}
{"level":"\u001b[32minfo\u001b[39m","message":"{\"method\":\"POST\",\"url\":\"/api/admin/login\",\"status\":\"401\",\"responseTime\":\"72.069\"}","timestamp":"2025-11-18T06:24:07.285Z"}
{"level":"\u001b[32minfo\u001b[39m","message":"{\"method\":\"POST\",\"url\":\"/api/admin/login\",\"status\":\"401\",\"responseTime\":\"56.633\"}","timestamp":"2025-11-18T06:24:18.449Z"}
{"level":"\u001b[32minfo\u001b[39m","message":"{\"method\":\"POST\",\"url\":\"/api/admin/login\",\"status\":\"401\",\"responseTime\":\"58.657\"}","timestamp":"2025-11-18T06:24:32.376Z"}
{"level":"\u001b[32minfo\u001b[39m","message":"{\"method\":\"POST\",\"url\":\"/api/admin/login\",\"status\":\"401\",\"responseTime\":\"56.087\"}","timestamp":"2025-11-18T06:24:33.519Z"}
{"level":"\u001b[32minfo\u001b[39m","message":"{\"method\":\"POST\",\"url\":\"/api/admin/login\",\"status\":\"401\",\"responseTime\":\"100.909\"}","timestamp":"2025-11-18T06:25:16.928Z"}
{"level":"\u001b[32minfo\u001b[39m","message":"{\"method\":\"POST\",\"url\":\"/api/admin/login\",\"status\":\"401\",\"responseTime\":\"91.437\"}","timestamp":"2025-11-18T06:27:03.670Z"}
{"level":"\u001b[32minfo\u001b[39m","message":"{\"method\":\"POST\",\"url\":\"/api/admin/login\",\"status\":\"401\",\"responseTime\":\"67.905\"}","timestamp":"2025-11-18T06:27:16.901Z"}
{"level":"\u001b[32minfo\u001b[39m","message":"{\"method\":\"POST\",\"url\":\"/api/admin/login\",\"status\":\"401\",\"responseTime\":\"102.235\"}","timestamp":"2025-11-18T06:28:14.715Z"}
{"level":"\u001b[32minfo\u001b[39m","message":"{\"method\":\"POST\",\"url\":\"/api/admin/login\",\"status\":\"401\",\"responseTime\":\"64.418\"}","timestamp":"2025-11-18T06:28:16.257Z"}
{"level":"\u001b[32minfo\u001b[39m","message":"{\"method\":\"POST\",\"url\":\"/api/admin/login\",\"status\":\"401\",\"responseTime\":\"67.128\"}","timestamp":"2025-11-18T06:28:25.393Z"}
{"level":"\u001b[32minfo\u001b[39m","message":"{\"method\":\"POST\",\"url\":\"/api/admin/login\",\"status\":\"401\",\"responseTime\":\"83.138\"}","timestamp":"2025-11-18T06:30:49.124Z"}
{"level":"\u001b[32minfo\u001b[39m","message":"{\"method\":\"POST\",\"url\":\"/api/admin/login\",\"status\":\"401\",\"responseTime\":\"63.470\"}","timestamp":"2025-11-18T06:34:17.936Z"}
{"level":"\u001b[32minfo\u001b[39m","message":"{\"method\":\"POST\",\"url\":\"/api/admin/login\",\"status\":\"200\",\"responseTime\":\"164.629\"}","timestamp":"2025-11-18T06:40:51.703Z"}
{"level":"\u001b[32minfo\u001b[39m","message":"{\"method\":\"POST\",\"url\":\"/api/admin/login\",\"status\":\"200\",\"responseTime\":\"166.054\"}","timestamp":"2025-11-18T06:41:06.555Z"}
{"level":"\u001b[32minfo\u001b[39m","message":"{\"method\":\"GET\",\"url\":\"/api/admin/stats\",\"status\":\"200\",\"responseTime\":\"289.876\"}","timestamp":"2025-11-18T06:41:06.885Z"}
{"level":"\u001b[32minfo\u001b[39m","message":"{\"method\":\"GET\",\"url\":\"/api/admin/stats\",\"status\":\"200\",\"responseTime\":\"603.990\"}","timestamp":"2025-11-18T06:41:07.202Z"}
{"level":"\u001b[32minfo\u001b[39m","message":"{\"method\":\"POST\",\"url\":\"/api/auth/student/register\",\"status\":\"500\",\"responseTime\":\"330.312\"}","timestamp":"2025-11-18T06:45:17.463Z"}
{"level":"\u001b[32minfo\u001b[39m","message":"{\"method\":\"POST\",\"url\":\"/api/auth/student/register\",\"status\":\"400\",\"responseTime\":\"71.086\"}","timestamp":"2025-11-18T06:45:28.489Z"}
{"level":"\u001b[32minfo\u001b[39m","message":"{\"method\":\"POST\",\"url\":\"/api/auth/login\",\"status\":\"200\",\"responseTime\":\"161.392\"}","timestamp":"2025-11-18T06:46:07.868Z"}
{"level":"\u001b[32minfo\u001b[39m","message":"{\"method\":\"GET\",\"url\":\"/api/mentors\",\"status\":\"200\",\"responseTime\":\"63.778\"}","timestamp":"2025-11-18T06:46:07.986Z"}
{"level":"\u001b[32minfo\u001b[39m","message":"{\"method\":\"GET\",\"url\":\"/api/mentors\",\"status\":\"200\",\"responseTime\":\"88.338\"}","timestamp":"2025-11-18T06:46:08.001Z"}
{"level":"\u001b[32minfo\u001b[39m","message":"{\"method\":\"GET\",\"url\":\"/api/requests/me\",\"status\":\"200\",\"responseTime\":\"137.690\"}","timestamp":"2025-11-18T06:46:08.062Z"}
{"level":"\u001b[32minfo\u001b[39m","message":"{\"method\":\"GET\",\"url\":\"/api/requests/me\",\"status\":\"200\",\"responseTime\":\"534.580\"}","timestamp":"2025-11-18T06:46:08.459Z"}
{"level":"\u001b[32minfo\u001b[39m","message":"{\"method\":\"GET\",\"url\":\"/api/mentors\",\"status\":\"304\",\"responseTime\":\"57.811\"}","timestamp":"2025-11-18T06:47:40.704Z"}
{"level":"\u001b[32minfo\u001b[39m","message":"{\"method\":\"GET\",\"url\":\"/api/mentors\",\"status\":\"304\",\"responseTime\":\"52.796\"}","timestamp":"2025-11-18T06:47:40.759Z"}
{"level":"\u001b[32minfo\u001b[39m","message":"{\"method\":\"GET\",\"url\":\"/api/requests/me\",\"status\":\"304\",\"responseTime\":\"117.293\"}","timestamp":"2025-11-18T06:47:40.764Z"}
{"level":"\u001b[32minfo\u001b[39m","message":"{\"method\":\"GET\",\"url\":\"/api/requests/me\",\"status\":\"304\",\"responseTime\":\"123.132\"}","timestamp":"2025-11-18T06:47:40.889Z"}
{"level":"\u001b[32minfo\u001b[39m","message":"{\"method\":\"POST\",\"url\":\"/api/auth/mentor/register\",\"status\":\"500\",\"responseTime\":\"277.372\"}","timestamp":"2025-11-18T06:48:46.545Z"}
{"level":"\u001b[32minfo\u001b[39m","message":"{\"method\":\"POST\",\"url\":\"/api/auth/mentor/register\",\"status\":\"400\",\"responseTime\":\"57.125\"}","timestamp":"2025-11-18T06:48:58.374Z"}
{"level":"\u001b[32minfo\u001b[39m","message":"{\"method\":\"POST\",\"url\":\"/api/auth/mentor/register\",\"status\":\"500\",\"responseTime\":\"283.400\"}","timestamp":"2025-11-18T06:49:53.308Z"}
{"level":"\u001b[32minfo\u001b[39m","message":"{\"method\":\"POST\",\"url\":\"/api/auth/mentor/register\",\"status\":\"400\",\"responseTime\":\"59.714\"}","timestamp":"2025-11-18T06:50:00.734Z"}
{"level":"\u001b[32minfo\u001b[39m","message":"{\"method\":\"POST\",\"url\":\"/api/auth/mentor/register\",\"status\":\"500\",\"responseTime\":\"286.659\"}","timestamp":"2025-11-18T06:50:53.656Z"}
{"level":"\u001b[32minfo\u001b[39m","message":"{\"method\":\"POST\",\"url\":\"/api/auth/login\",\"status\":\"400\",\"responseTime\":\"62.342\"}","timestamp":"2025-11-18T06:51:16.949Z"}
{"level":"\u001b[32minfo\u001b[39m","message":"{\"method\":\"POST\",\"url\":\"/api/auth/login\",\"status\":\"200\",\"responseTime\":\"163.459\"}","timestamp":"2025-11-18T06:51:19.090Z"}
{"level":"\u001b[32minfo\u001b[39m","message":"{\"method\":\"GET\",\"url\":\"/api/requests/mentor/me\",\"status\":\"200\",\"responseTime\":\"155.189\"}","timestamp":"2025-11-18T06:59:01.410Z"}
{"level":"\u001b[32minfo\u001b[39m","message":"{\"method\":\"GET\",\"url\":\"/api/mentors/me/profile\",\"status\":\"200\",\"responseTime\":\"183.986\"}","timestamp":"2025-11-18T06:59:01.422Z"}
{"level":"\u001b[32minfo\u001b[39m","message":"{\"method\":\"GET\",\"url\":\"/api/requests/mentor/me\",\"status\":\"304\",\"responseTime\":\"135.355\"}","timestamp":"2025-11-18T06:59:01.560Z"}
{"level":"\u001b[32minfo\u001b[39m","message":"{\"method\":\"GET\",\"url\":\"/api/mentors/me/profile\",\"status\":\"304\",\"responseTime\":\"150.811\"}","timestamp":"2025-11-18T06:59:01.582Z"}
{"level":"\u001b[32minfo\u001b[39m","message":"{\"method\":\"GET\",\"url\":\"/api/mentors\",\"status\":\"304\",\"responseTime\":\"70.044\"}","timestamp":"2025-11-18T06:59:16.788Z"}
{"level":"\u001b[32minfo\u001b[39m","message":"{\"method\":\"GET\",\"url\":\"/api/mentors/me/profile\",\"status\":\"304\",\"responseTime\":\"142.654\"}","timestamp":"2025-11-18T06:59:16.833Z"}
{"level":"\u001b[32minfo\u001b[39m","message":"{\"method\":\"GET\",\"url\":\"/api/requests/mentor/me\",\"status\":\"304\",\"responseTime\":\"152.690\"}","timestamp":"2025-11-18T06:59:16.844Z"}
{"level":"\u001b[32minfo\u001b[39m","message":"{\"method\":\"GET\",\"url\":\"/api/requests/me\",\"status\":\"304\",\"responseTime\":\"579.630\"}","timestamp":"2025-11-18T06:59:17.298Z"}
{"level":"\u001b[32minfo\u001b[39m","message":"{\"method\":\"POST\",\"url\":\"/api/auth/login\",\"status\":\"200\",\"responseTime\":\"195.321\"}","timestamp":"2025-11-18T07:04:03.987Z"}
{"level":"\u001b[32minfo\u001b[39m","message":"{\"method\":\"GET\",\"url\":\"/api/mentors/me/profile\",\"status\":\"304\",\"responseTime\":\"141.348\"}","timestamp":"2025-11-18T07:04:04.158Z"}
{"level":"\u001b[32minfo\u001b[39m","message":"{\"method\":\"GET\",\"url\":\"/api/requests/mentor/me\",\"status\":\"200\",\"responseTime\":\"162.083\"}","timestamp":"2025-11-18T07:04:04.176Z"}
{"level":"\u001b[32minfo\u001b[39m","message":"{\"method\":\"GET\",\"url\":\"/api/mentors/me/profile\",\"status\":\"304\",\"responseTime\":\"122.409\"}","timestamp":"2025-11-18T07:04:04.283Z"}
{"level":"\u001b[32minfo\u001b[39m","message":"{\"method\":\"GET\",\"url\":\"/api/requests/mentor/me\",\"status\":\"304\",\"responseTime\":\"136.103\"}","timestamp":"2025-11-18T07:04:04.315Z"}
{"level":"\u001b[32minfo\u001b[39m","message":"{\"method\":\"GET\",\"url\":\"/api/mentors\",\"status\":\"304\",\"responseTime\":\"68.816\"}","timestamp":"2025-11-18T07:04:40.719Z"}
{"level":"\u001b[32minfo\u001b[39m","message":"{\"method\":\"GET\",\"url\":\"/api/requests/me\",\"status\":\"200\",\"responseTime\":\"117.725\"}","timestamp":"2025-11-18T07:04:40.767Z"}
{"level":"\u001b[32minfo\u001b[39m","message":"{\"method\":\"GET\",\"url\":\"/api/mentors\",\"status\":\"304\",\"responseTime\":\"71.134\"}","timestamp":"2025-11-18T07:04:40.797Z"}
{"level":"\u001b[32minfo\u001b[39m","message":"{\"method\":\"GET\",\"url\":\"/api/requests/me\",\"status\":\"304\",\"responseTime\":\"126.435\"}","timestamp":"2025-11-18T07:04:40.900Z"}
{"level":"\u001b[32minfo\u001b[39m","message":"{\"method\":\"GET\",\"url\":\"/api/mentors\",\"status\":\"304\",\"responseTime\":\"63.356\"}","timestamp":"2025-11-18T07:04:46.714Z"}
{"level":"\u001b[32minfo\u001b[39m","message":"{\"method\":\"GET\",\"url\":\"/api/mentors\",\"status\":\"304\",\"responseTime\":\"73.528\"}","timestamp":"2025-11-18T07:04:46.791Z"}
{"level":"\u001b[32minfo\u001b[39m","message":"{\"method\":\"GET\",\"url\":\"/api/requests/me\",\"status\":\"304\",\"responseTime\":\"146.102\"}","timestamp":"2025-11-18T07:04:46.797Z"}
{"level":"\u001b[32minfo\u001b[39m","message":"{\"method\":\"GET\",\"url\":\"/api/requests/me\",\"status\":\"304\",\"responseTime\":\"137.551\"}","timestamp":"2025-11-18T07:04:46.942Z"}
{"level":"\u001b[32minfo\u001b[39m","message":"{\"method\":\"GET\",\"url\":\"/api/requests/mentor/me\",\"status\":\"304\",\"responseTime\":\"114.594\"}","timestamp":"2025-11-18T07:06:29.787Z"}
{"level":"\u001b[32minfo\u001b[39m","message":"{\"method\":\"GET\",\"url\":\"/api/mentors/me/profile\",\"status\":\"304\",\"responseTime\":\"126.937\"}","timestamp":"2025-11-18T07:06:29.799Z"}
{"level":"\u001b[32minfo\u001b[39m","message":"{\"method\":\"GET\",\"url\":\"/api/requests/mentor/me\",\"status\":\"304\",\"responseTime\":\"119.900\"}","timestamp":"2025-11-18T07:06:29.912Z"}
{"level":"\u001b[32minfo\u001b[39m","message":"{\"method\":\"GET\",\"url\":\"/api/mentors/me/profile\",\"status\":\"304\",\"responseTime\":\"119.502\"}","timestamp":"2025-11-18T07:06:29.923Z"}
{"level":"\u001b[32minfo\u001b[39m","message":"{\"method\":\"POST\",\"url\":\"/api/auth/login\",\"status\":\"200\",\"responseTime\":\"177.463\"}","timestamp":"2025-11-18T07:06:44.412Z"}
{"level":"\u001b[32minfo\u001b[39m","message":"{\"method\":\"GET\",\"url\":\"/api/mentors\",\"status\":\"304\",\"responseTime\":\"61.720\"}","timestamp":"2025-11-18T07:06:44.504Z"}
{"level":"\u001b[32minfo\u001b[39m","message":"{\"method\":\"GET\",\"url\":\"/api/requests/me\",\"status\":\"304\",\"responseTime\":\"114.751\"}","timestamp":"2025-11-18T07:06:44.562Z"}
{"level":"\u001b[32minfo\u001b[39m","message":"{\"method\":\"GET\",\"url\":\"/api/mentors\",\"status\":\"304\",\"responseTime\":\"63.216\"}","timestamp":"2025-11-18T07:06:44.569Z"}
{"level":"\u001b[32minfo\u001b[39m","message":"{\"method\":\"GET\",\"url\":\"/api/requests/me\",\"status\":\"304\",\"responseTime\":\"131.878\"}","timestamp":"2025-11-18T07:06:44.697Z"}
{"level":"\u001b[32minfo\u001b[39m","message":"{\"method\":\"GET\",\"url\":\"/api/mentors/me/profile\",\"status\":\"304\",\"responseTime\":\"110.432\"}","timestamp":"2025-11-18T07:06:52.819Z"}
{"level":"\u001b[32minfo\u001b[39m","message":"{\"method\":\"GET\",\"url\":\"/api/requests/mentor/me\",\"status\":\"304\",\"responseTime\":\"114.101\"}","timestamp":"2025-11-18T07:06:52.823Z"}
{"level":"\u001b[32minfo\u001b[39m","message":"{\"method\":\"GET\",\"url\":\"/api/requests/mentor/me\",\"status\":\"304\",\"responseTime\":\"114.129\"}","timestamp":"2025-11-18T07:06:52.942Z"}
{"level":"\u001b[32minfo\u001b[39m","message":"{\"method\":\"GET\",\"url\":\"/api/mentors/me/profile\",\"status\":\"304\",\"responseTime\":\"122.473\"}","timestamp":"2025-11-18T07:06:52.944Z"}
{"level":"\u001b[32minfo\u001b[39m","message":"{\"method\":\"GET\",\"url\":\"/api/admin/stats\",\"status\":\"200\",\"responseTime\":\"592.262\"}","timestamp":"2025-11-18T07:07:08.481Z"}
{"level":"\u001b[32minfo\u001b[39m","message":"{\"method\":\"GET\",\"url\":\"/api/admin/stats\",\"status\":\"304\",\"responseTime\":\"130.680\"}","timestamp":"2025-11-18T07:07:08.614Z"}
{"level":"\u001b[32minfo\u001b[39m","message":"{\"method\":\"GET\",\"url\":\"/api/admin/students\",\"status\":\"200\",\"responseTime\":\"111.857\"}","timestamp":"2025-11-18T07:07:11.012Z"}
{"level":"\u001b[32minfo\u001b[39m","message":"{\"method\":\"GET\",\"url\":\"/api/admin/students\",\"status\":\"304\",\"responseTime\":\"118.775\"}","timestamp":"2025-11-18T07:07:14.884Z"}
{"level":"\u001b[32minfo\u001b[39m","message":"{\"method\":\"GET\",\"url\":\"/api/admin/mentors?status=pending\",\"status\":\"200\",\"responseTime\":\"137.934\"}","timestamp":"2025-11-18T07:07:16.650Z"}
{"level":"\u001b[32minfo\u001b[39m","message":"{\"method\":\"GET\",\"url\":\"/api/admin/requests\",\"status\":\"200\",\"responseTime\":\"126.468\"}","timestamp":"2025-11-18T07:07:17.288Z"}
{"level":"\u001b[32minfo\u001b[39m","message":"{\"method\":\"GET\",\"url\":\"/api/admin/mentors?status=pending\",\"status\":\"304\",\"responseTime\":\"115.972\"}","timestamp":"2025-11-18T07:07:18.088Z"}
{"level":"\u001b[32minfo\u001b[39m","message":"{\"method\":\"PUT\",\"url\":\"/api/admin/mentors/691c16ce99ddd4bb26db0b66/approve\",\"status\":\"500\",\"responseTime\":\"130.565\"}","timestamp":"2025-11-18T07:07:26.423Z"}
{"level":"\u001b[32minfo\u001b[39m","message":"{\"method\":\"PUT\",\"url\":\"/api/admin/mentors/691c16ce99ddd4bb26db0b66/approve\",\"status\":\"500\",\"responseTime\":\"142.909\"}","timestamp":"2025-11-18T07:07:34.223Z"}
{"level":"\u001b[32minfo\u001b[39m","message":"{\"method\":\"GET\",\"url\":\"/api/admin/stats\",\"status\":\"200\",\"responseTime\":\"608.898\"}","timestamp":"2025-11-18T07:08:05.085Z"}
{"level":"\u001b[32minfo\u001b[39m","message":"{\"method\":\"GET\",\"url\":\"/api/admin/stats\",\"status\":\"304\",\"responseTime\":\"131.559\"}","timestamp":"2025-11-18T07:08:05.219Z"}
{"level":"\u001b[32minfo\u001b[39m","message":"{\"method\":\"GET\",\"url\":\"/api/admin/requests\",\"status\":\"304\",\"responseTime\":\"117.622\"}","timestamp":"2025-11-18T07:08:06.236Z"}
{"level":"\u001b[32minfo\u001b[39m","message":"{\"method\":\"GET\",\"url\":\"/api/admin/mentors?status=pending\",\"status\":\"200\",\"responseTime\":\"132.886\"}","timestamp":"2025-11-18T07:08:07.593Z"}
{"level":"\u001b[32minfo\u001b[39m","message":"{\"method\":\"GET\",\"url\":\"/api/admin/students\",\"status\":\"304\",\"responseTime\":\"131.375\"}","timestamp":"2025-11-18T07:08:08.119Z"}
{"level":"\u001b[32minfo\u001b[39m","message":"{\"method\":\"GET\",\"url\":\"/api/admin/mentors?status=pending\",\"status\":\"304\",\"responseTime\":\"122.558\"}","timestamp":"2025-11-18T07:08:09.228Z"}
{"level":"\u001b[32minfo\u001b[39m","message":"{\"method\":\"GET\",\"url\":\"/api/admin/students\",\"status\":\"304\",\"responseTime\":\"110.814\"}","timestamp":"2025-11-18T07:08:16.100Z"}
{"level":"\u001b[32minfo\u001b[39m","message":"{\"method\":\"GET\",\"url\":\"/api/admin/mentors?status=pending\",\"status\":\"304\",\"responseTime\":\"126.019\"}","timestamp":"2025-11-18T07:08:16.696Z"}
{"level":"\u001b[32minfo\u001b[39m","message":"{\"method\":\"GET\",\"url\":\"/api/requests/mentor/me\",\"status\":\"304\",\"responseTime\":\"131.568\"}","timestamp":"2025-11-18T07:08:21.997Z"}
{"level":"\u001b[32minfo\u001b[39m","message":"{\"method\":\"GET\",\"url\":\"/api/mentors/me/profile\",\"status\":\"200\",\"responseTime\":\"136.732\"}","timestamp":"2025-11-18T07:08:22.002Z"}
{"level":"\u001b[32minfo\u001b[39m","message":"{\"method\":\"GET\",\"url\":\"/api/requests/mentor/me\",\"status\":\"304\",\"responseTime\":\"123.668\"}","timestamp":"2025-11-18T07:08:22.131Z"}
{"level":"\u001b[32minfo\u001b[39m","message":"{\"method\":\"GET\",\"url\":\"/api/mentors/me/profile\",\"status\":\"304\",\"responseTime\":\"141.561\"}","timestamp":"2025-11-18T07:08:22.156Z"}
{"level":"\u001b[32minfo\u001b[39m","message":"{\"method\":\"GET\",\"url\":\"/api/mentors\",\"status\":\"200\",\"responseTime\":\"73.210\"}","timestamp":"2025-11-18T07:08:29.211Z"}
{"level":"\u001b[32minfo\u001b[39m","message":"{\"method\":\"GET\",\"url\":\"/api/requests/me\",\"status\":\"304\",\"responseTime\":\"135.285\"}","timestamp":"2025-11-18T07:08:29.274Z"}
{"level":"\u001b[32minfo\u001b[39m","message":"{\"method\":\"GET\",\"url\":\"/api/mentors\",\"status\":\"304\",\"responseTime\":\"69.399\"}","timestamp":"2025-11-18T07:08:29.289Z"}
{"level":"\u001b[32minfo\u001b[39m","message":"{\"method\":\"GET\",\"url\":\"/api/requests/me\",\"status\":\"304\",\"responseTime\":\"137.482\"}","timestamp":"2025-11-18T07:08:29.436Z"}
{"level":"\u001b[32minfo\u001b[39m","message":"{\"method\":\"POST\",\"url\":\"/api/requests\",\"status\":\"200\",\"responseTime\":\"206.188\"}","timestamp":"2025-11-18T07:09:11.115Z"}
{"level":"\u001b[32minfo\u001b[39m","message":"{\"method\":\"GET\",\"url\":\"/api/mentors\",\"status\":\"304\",\"responseTime\":\"70.874\"}","timestamp":"2025-11-18T07:09:13.330Z"}
{"level":"\u001b[32minfo\u001b[39m","message":"{\"method\":\"GET\",\"url\":\"/api/requests/me\",\"status\":\"200\",\"responseTime\":\"221.813\"}","timestamp":"2025-11-18T07:09:13.481Z"}
{"level":"\u001b[32minfo\u001b[39m","message":"{\"method\":\"GET\",\"url\":\"/api/mentors/me/profile\",\"status\":\"304\",\"responseTime\":\"122.700\"}","timestamp":"2025-11-18T07:09:27.251Z"}
{"level":"\u001b[32minfo\u001b[39m","message":"{\"method\":\"GET\",\"url\":\"/api/requests/mentor/me\",\"status\":\"200\",\"responseTime\":\"184.424\"}","timestamp":"2025-11-18T07:09:27.315Z"}
{"level":"\u001b[32minfo\u001b[39m","message":"{\"method\":\"GET\",\"url\":\"/api/mentors/me/profile\",\"status\":\"304\",\"responseTime\":\"128.863\"}","timestamp":"2025-11-18T07:09:27.385Z"}
{"level":"\u001b[32minfo\u001b[39m","message":"{\"method\":\"GET\",\"url\":\"/api/requests/mentor/me\",\"status\":\"304\",\"responseTime\":\"191.301\"}","timestamp":"2025-11-18T07:09:27.517Z"}
{"level":"\u001b[32minfo\u001b[39m","message":"{\"method\":\"PATCH\",\"url\":\"/api/requests/691c1b97fbf22fd0a5bb9035/status\",\"status\":\"200\",\"responseTime\":\"181.521\"}","timestamp":"2025-11-18T07:09:30.174Z"}
{"level":"\u001b[32minfo\u001b[39m","message":"{\"method\":\"GET\",\"url\":\"/api/mentors/me/profile\",\"status\":\"304\",\"responseTime\":\"123.239\"}","timestamp":"2025-11-18T07:09:30.301Z"}
{"level":"\u001b[32minfo\u001b[39m","message":"{\"method\":\"GET\",\"url\":\"/api/requests/mentor/me\",\"status\":\"200\",\"responseTime\":\"190.570\"}","timestamp":"2025-11-18T07:09:30.374Z"}
{"level":"\u001b[32minfo\u001b[39m","message":"{\"method\":\"GET\",\"url\":\"/api/mentors/me/profile\",\"status\":\"304\",\"responseTime\":\"132.446\"}","timestamp":"2025-11-18T07:11:24.886Z"}
{"level":"\u001b[32minfo\u001b[39m","message":"{\"method\":\"GET\",\"url\":\"/api/requests/mentor/me\",\"status\":\"304\",\"responseTime\":\"182.615\"}","timestamp":"2025-11-18T07:11:24.936Z"}
{"level":"\u001b[32minfo\u001b[39m","message":"{\"method\":\"GET\",\"url\":\"/api/mentors/me/profile\",\"status\":\"304\",\"responseTime\":\"124.089\"}","timestamp":"2025-11-18T07:11:25.012Z"}
{"level":"\u001b[32minfo\u001b[39m","message":"{\"method\":\"GET\",\"url\":\"/api/requests/mentor/me\",\"status\":\"304\",\"responseTime\":\"192.984\"}","timestamp":"2025-11-18T07:11:25.132Z"}
{"level":"\u001b[32minfo\u001b[39m","message":"{\"method\":\"GET\",\"url\":\"/api/mentors/me/profile\",\"status\":\"304\",\"responseTime\":\"136.100\"}","timestamp":"2025-11-18T07:11:27.105Z"}
{"level":"\u001b[32minfo\u001b[39m","message":"{\"method\":\"GET\",\"url\":\"/api/requests/mentor/me\",\"status\":\"304\",\"responseTime\":\"201.296\"}","timestamp":"2025-11-18T07:11:27.166Z"}
{"level":"\u001b[32minfo\u001b[39m","message":"{\"method\":\"GET\",\"url\":\"/api/mentors/me/profile\",\"status\":\"304\",\"responseTime\":\"137.056\"}","timestamp":"2025-11-18T07:11:29.207Z"}
{"level":"\u001b[32minfo\u001b[39m","message":"{\"method\":\"GET\",\"url\":\"/api/requests/mentor/me\",\"status\":\"304\",\"responseTime\":\"203.593\"}","timestamp":"2025-11-18T07:11:29.275Z"}
{"level":"\u001b[32minfo\u001b[39m","message":"{\"method\":\"GET\",\"url\":\"/api/mentors/me/profile\",\"status\":\"304\",\"responseTime\":\"146.053\"}","timestamp":"2025-11-18T07:11:31.509Z"}
{"level":"\u001b[32minfo\u001b[39m","message":"{\"method\":\"GET\",\"url\":\"/api/requests/mentor/me\",\"status\":\"304\",\"responseTime\":\"217.887\"}","timestamp":"2025-11-18T07:11:31.581Z"}
{"level":"\u001b[32minfo\u001b[39m","message":"{\"method\":\"PUT\",\"url\":\"/api/mentors/me/profile\",\"status\":\"200\",\"responseTime\":\"142.874\"}","timestamp":"2025-11-18T07:12:13.809Z"}
{"level":"\u001b[32minfo\u001b[39m","message":"{\"method\":\"GET\",\"url\":\"/api/mentors/me/profile\",\"status\":\"200\",\"responseTime\":\"126.513\"}","timestamp":"2025-11-18T07:12:13.940Z"}
{"level":"\u001b[32minfo\u001b[39m","message":"{\"method\":\"GET\",\"url\":\"/api/requests/mentor/me\",\"status\":\"304\",\"responseTime\":\"201.585\"}","timestamp":"2025-11-18T07:12:14.017Z"}
{"level":"\u001b[32minfo\u001b[39m","message":"{\"method\":\"GET\",\"url\":\"/api/mentors\",\"status\":\"200\",\"responseTime\":\"72.544\"}","timestamp":"2025-11-18T07:12:18.792Z"}
{"level":"\u001b[32minfo\u001b[39m","message":"{\"method\":\"GET\",\"url\":\"/api/mentors\",\"status\":\"304\",\"responseTime\":\"76.200\"}","timestamp":"2025-11-18T07:12:18.872Z"}
{"level":"\u001b[32minfo\u001b[39m","message":"{\"method\":\"GET\",\"url\":\"/api/requests/me\",\"status\":\"200\",\"responseTime\":\"189.709\"}","timestamp":"2025-11-18T07:12:18.910Z"}
{"level":"\u001b[32minfo\u001b[39m","message":"{\"method\":\"GET\",\"url\":\"/api/requests/me\",\"status\":\"304\",\"responseTime\":\"189.876\"}","timestamp":"2025-11-18T07:12:19.102Z"}
{"level":"\u001b[32minfo\u001b[39m","message":"{\"method\":\"POST\",\"url\":\"/api/requests/691c1b97fbf22fd0a5bb9035/complete\",\"status\":\"200\",\"responseTime\":\"509.874\"}","timestamp":"2025-11-18T07:12:41.151Z"}
{"level":"\u001b[32minfo\u001b[39m","message":"{\"method\":\"GET\",\"url\":\"/api/mentors\",\"status\":\"200\",\"responseTime\":\"70.822\"}","timestamp":"2025-11-18T07:12:44.195Z"}
{"level":"\u001b[32minfo\u001b[39m","message":"{\"method\":\"GET\",\"url\":\"/api/requests/me\",\"status\":\"200\",\"responseTime\":\"182.810\"}","timestamp":"2025-11-18T07:12:44.309Z"}
{"level":"\u001b[32minfo\u001b[39m","message":"{\"method\":\"GET\",\"url\":\"/api/mentors/me/profile\",\"status\":\"200\",\"responseTime\":\"128.732\"}","timestamp":"2025-11-18T07:13:44.187Z"}
{"level":"\u001b[32minfo\u001b[39m","message":"{\"method\":\"GET\",\"url\":\"/api/requests/mentor/me\",\"status\":\"200\",\"responseTime\":\"191.481\"}","timestamp":"2025-11-18T07:13:44.252Z"}
{"level":"\u001b[32minfo\u001b[39m","message":"{\"method\":\"GET\",\"url\":\"/api/mentors/me/profile\",\"status\":\"304\",\"responseTime\":\"136.153\"}","timestamp":"2025-11-18T07:13:44.325Z"}
{"level":"\u001b[32minfo\u001b[39m","message":"{\"method\":\"GET\",\"url\":\"/api/requests/mentor/me\",\"status\":\"304\",\"responseTime\":\"197.335\"}","timestamp":"2025-11-18T07:13:44.452Z"}
{"level":"\u001b[32minfo\u001b[39m","message":"{\"method\":\"GET\",\"url\":\"/api/mentors/me/profile\",\"status\":\"304\",\"responseTime\":\"119.028\"}","timestamp":"2025-11-18T07:15:19.714Z"}
{"level":"\u001b[32minfo\u001b[39m","message":"{\"method\":\"GET\",\"url\":\"/api/requests/mentor/me\",\"status\":\"304\",\"responseTime\":\"193.215\"}","timestamp":"2025-11-18T07:15:19.789Z"}
{"level":"\u001b[32minfo\u001b[39m","message":"{\"method\":\"GET\",\"url\":\"/api/admin/students\",\"status\":\"304\",\"responseTime\":\"125.022\"}","timestamp":"2025-11-18T07:15:48.154Z"}
{"level":"\u001b[32minfo\u001b[39m","message":"{\"method\":\"GET\",\"url\":\"/api/admin/mentors?status=pending\",\"status\":\"304\",\"responseTime\":\"132.890\"}","timestamp":"2025-11-18T07:15:48.850Z"}
{"level":"\u001b[32minfo\u001b[39m","message":"{\"method\":\"GET\",\"url\":\"/api/admin/requests\",\"status\":\"200\",\"responseTime\":\"197.254\"}","timestamp":"2025-11-18T07:15:49.982Z"}
{"level":"\u001b[32minfo\u001b[39m","message":"{\"method\":\"GET\",\"url\":\"/api/admin/mentors?status=pending\",\"status\":\"304\",\"responseTime\":\"125.290\"}","timestamp":"2025-11-18T07:15:51.253Z"}
{"level":"\u001b[32minfo\u001b[39m","message":"{\"method\":\"GET\",\"url\":\"/api/admin/students\",\"status\":\"304\",\"responseTime\":\"132.871\"}","timestamp":"2025-11-18T07:15:51.989Z"}
{"level":"\u001b[32minfo\u001b[39m","message":"{\"method\":\"GET\",\"url\":\"/api/admin/students\",\"status\":\"304\",\"responseTime\":\"119.416\"}","timestamp":"2025-11-18T07:15:53.826Z"}
{"level":"\u001b[32minfo\u001b[39m","message":"{\"method\":\"GET\",\"url\":\"/api/admin/mentors?status=pending\",\"status\":\"304\",\"responseTime\":\"124.680\"}","timestamp":"2025-11-18T07:15:54.938Z"}
{"level":"\u001b[32minfo\u001b[39m","message":"{\"method\":\"GET\",\"url\":\"/api/admin/students\",\"status\":\"304\",\"responseTime\":\"128.650\"}","timestamp":"2025-11-18T07:15:56.990Z"}
{"level":"\u001b[32minfo\u001b[39m","message":"{\"method\":\"GET\",\"url\":\"/api/admin/students\",\"status\":\"304\",\"responseTime\":\"133.233\"}","timestamp":"2025-11-18T07:16:05.623Z"}
{"level":"\u001b[32minfo\u001b[39m","message":"{\"method\":\"GET\",\"url\":\"/api/admin/mentors?status=pending\",\"status\":\"304\",\"responseTime\":\"120.948\"}","timestamp":"2025-11-18T07:16:06.276Z"}
{"level":"\u001b[32minfo\u001b[39m","message":"{\"method\":\"GET\",\"url\":\"/api/mentors/me/profile\",\"status\":\"304\",\"responseTime\":\"133.789\"}","timestamp":"2025-11-18T07:16:16.207Z"}
{"level":"\u001b[32minfo\u001b[39m","message":"{\"method\":\"GET\",\"url\":\"/api/requests/mentor/me\",\"status\":\"304\",\"responseTime\":\"188.357\"}","timestamp":"2025-11-18T07:16:16.262Z"}
{"level":"\u001b[32minfo\u001b[39m","message":"{\"method\":\"GET\",\"url\":\"/api/mentors/me/profile\",\"status\":\"304\",\"responseTime\":\"132.206\"}","timestamp":"2025-11-18T07:16:16.342Z"}
{"level":"\u001b[32minfo\u001b[39m","message":"{\"method\":\"GET\",\"url\":\"/api/requests/mentor/me\",\"status\":\"304\",\"responseTime\":\"209.215\"}","timestamp":"2025-11-18T07:16:16.473Z"}
{"level":"\u001b[32minfo\u001b[39m","message":"{\"method\":\"POST\",\"url\":\"/api/requests\",\"status\":\"200\",\"responseTime\":\"201.332\"}","timestamp":"2025-11-18T07:16:37.521Z"}
{"level":"\u001b[32minfo\u001b[39m","message":"{\"method\":\"GET\",\"url\":\"/api/mentors\",\"status\":\"304\",\"responseTime\":\"64.131\"}","timestamp":"2025-11-18T07:16:39.434Z"}
{"level":"\u001b[32minfo\u001b[39m","message":"{\"method\":\"GET\",\"url\":\"/api/requests/me\",\"status\":\"200\",\"responseTime\":\"199.441\"}","timestamp":"2025-11-18T07:16:39.571Z"}
{"level":"\u001b[32minfo\u001b[39m","message":"{\"method\":\"GET\",\"url\":\"/api/mentors/me/profile\",\"status\":\"304\",\"responseTime\":\"131.295\"}","timestamp":"2025-11-18T07:16:50.540Z"}
{"level":"\u001b[32minfo\u001b[39m","message":"{\"method\":\"GET\",\"url\":\"/api/requests/mentor/me\",\"status\":\"200\",\"responseTime\":\"183.532\"}","timestamp":"2025-11-18T07:16:50.592Z"}
{"level":"\u001b[32minfo\u001b[39m","message":"{\"method\":\"GET\",\"url\":\"/api/mentors/me/profile\",\"status\":\"304\",\"responseTime\":\"130.142\"}","timestamp":"2025-11-18T07:16:50.672Z"}
{"level":"\u001b[32minfo\u001b[39m","message":"{\"method\":\"GET\",\"url\":\"/api/requests/mentor/me\",\"status\":\"304\",\"responseTime\":\"188.270\"}","timestamp":"2025-11-18T07:16:50.782Z"}
{"level":"\u001b[32minfo\u001b[39m","message":"{\"method\":\"PATCH\",\"url\":\"/api/requests/691c1d55fbf22fd0a5bb90b4/status\",\"status\":\"200\",\"responseTime\":\"200.763\"}","timestamp":"2025-11-18T07:16:53.139Z"}
{"level":"\u001b[32minfo\u001b[39m","message":"{\"method\":\"GET\",\"url\":\"/api/mentors/me/profile\",\"status\":\"304\",\"responseTime\":\"129.532\"}","timestamp":"2025-11-18T07:16:53.272Z"}
{"level":"\u001b[32minfo\u001b[39m","message":"{\"method\":\"GET\",\"url\":\"/api/requests/mentor/me\",\"status\":\"200\",\"responseTime\":\"199.124\"}","timestamp":"2025-11-18T07:16:53.342Z"}
{"level":"\u001b[32minfo\u001b[39m","message":"{\"method\":\"GET\",\"url\":\"/api/mentors/me/profile\",\"status\":\"304\",\"responseTime\":\"1085.142\"}","timestamp":"2025-11-18T07:17:30.846Z"}
{"level":"\u001b[32minfo\u001b[39m","message":"{\"method\":\"GET\",\"url\":\"/api/requests/mentor/me\",\"status\":\"304\",\"responseTime\":\"1308.708\"}","timestamp":"2025-11-18T07:17:31.090Z"}
{"level":"\u001b[32minfo\u001b[39m","message":"{\"method\":\"GET\",\"url\":\"/api/mentors\",\"status\":\"304\",\"responseTime\":\"76.171\"}","timestamp":"2025-11-18T07:18:31.710Z"}
{"level":"\u001b[32minfo\u001b[39m","message":"{\"method\":\"GET\",\"url\":\"/api/mentors\",\"status\":\"304\",\"responseTime\":\"66.568\"}","timestamp":"2025-11-18T07:18:31.779Z"}
{"level":"\u001b[32minfo\u001b[39m","message":"{\"method\":\"GET\",\"url\":\"/api/requests/me\",\"status\":\"200\",\"responseTime\":\"198.840\"}","timestamp":"2025-11-18T07:18:31.835Z"}
{"level":"\u001b[32minfo\u001b[39m","message":"{\"method\":\"GET\",\"url\":\"/api/requests/me\",\"status\":\"304\",\"responseTime\":\"197.546\"}","timestamp":"2025-11-18T07:18:32.035Z"}
{"level":"\u001b[32minfo\u001b[39m","message":"{\"method\":\"GET\",\"url\":\"/api/mentors\",\"status\":\"304\",\"responseTime\":\"68.011\"}","timestamp":"2025-11-18T07:18:57.647Z"}
{"level":"\u001b[32minfo\u001b[39m","message":"{\"method\":\"GET\",\"url\":\"/api/mentors/me/profile\",\"status\":\"304\",\"responseTime\":\"125.813\"}","timestamp":"2025-11-18T07:18:57.684Z"}
{"level":"\u001b[32minfo\u001b[39m","message":"{\"method\":\"GET\",\"url\":\"/api/mentors\",\"status\":\"304\",\"responseTime\":\"61.087\"}","timestamp":"2025-11-18T07:18:57.710Z"}
{"level":"\u001b[32minfo\u001b[39m","message":"{\"method\":\"GET\",\"url\":\"/api/requests/mentor/me\",\"status\":\"304\",\"responseTime\":\"173.414\"}","timestamp":"2025-11-18T07:18:57.732Z"}
{"level":"\u001b[32minfo\u001b[39m","message":"{\"method\":\"GET\",\"url\":\"/api/mentors/me/profile\",\"status\":\"304\",\"responseTime\":\"123.627\"}","timestamp":"2025-11-18T07:18:57.809Z"}
{"level":"\u001b[32minfo\u001b[39m","message":"{\"method\":\"GET\",\"url\":\"/api/requests/mentor/me\",\"status\":\"304\",\"responseTime\":\"195.453\"}","timestamp":"2025-11-18T07:18:57.930Z"}
{"level":"\u001b[32minfo\u001b[39m","message":"{\"method\":\"GET\",\"url\":\"/api/requests/me\",\"status\":\"304\",\"responseTime\":\"653.588\"}","timestamp":"2025-11-18T07:18:58.233Z"}
{"level":"\u001b[32minfo\u001b[39m","message":"{\"method\":\"GET\",\"url\":\"/api/requests/me\",\"status\":\"304\",\"responseTime\":\"219.132\"}","timestamp":"2025-11-18T07:18:58.463Z"}
{"level":"\u001b[32minfo\u001b[39m","message":"{\"method\":\"GET\",\"url\":\"/api/mentors\",\"status\":\"304\",\"responseTime\":\"76.324\"}","timestamp":"2025-11-18T07:22:01.305Z"}
{"level":"\u001b[32minfo\u001b[39m","message":"{\"method\":\"GET\",\"url\":\"/api/mentors\",\"status\":\"304\",\"responseTime\":\"67.944\"}","timestamp":"2025-11-18T07:22:01.376Z"}
{"level":"\u001b[32minfo\u001b[39m","message":"{\"method\":\"GET\",\"url\":\"/api/requests/me\",\"status\":\"304\",\"responseTime\":\"181.956\"}","timestamp":"2025-11-18T07:22:01.413Z"}
{"level":"\u001b[32minfo\u001b[39m","message":"{\"method\":\"GET\",\"url\":\"/api/requests/me\",\"status\":\"304\",\"responseTime\":\"189.713\"}","timestamp":"2025-11-18T07:22:01.606Z"}
{"level":"\u001b[32minfo\u001b[39m","message":"{\"method\":\"POST\",\"url\":\"/api/auth/login\",\"status\":\"200\",\"responseTime\":\"182.272\"}","timestamp":"2025-11-18T07:35:53.542Z"}
{"level":"\u001b[32minfo\u001b[39m","message":"{\"method\":\"GET\",\"url\":\"/api/mentors\",\"status\":\"304\",\"responseTime\":\"61.115\"}","timestamp":"2025-11-18T07:35:53.636Z"}
{"level":"\u001b[32minfo\u001b[39m","message":"{\"method\":\"GET\",\"url\":\"/api/mentors\",\"status\":\"304\",\"responseTime\":\"70.342\"}","timestamp":"2025-11-18T07:35:53.709Z"}
{"level":"\u001b[32minfo\u001b[39m","message":"{\"method\":\"GET\",\"url\":\"/api/requests/me\",\"status\":\"304\",\"responseTime\":\"189.209\"}","timestamp":"2025-11-18T07:35:53.765Z"}
{"level":"\u001b[32minfo\u001b[39m","message":"{\"method\":\"GET\",\"url\":\"/api/requests/me\",\"status\":\"304\",\"responseTime\":\"202.504\"}","timestamp":"2025-11-18T07:35:53.969Z"}
{"level":"\u001b[32minfo\u001b[39m","message":"{\"method\":\"POST\",\"url\":\"/api/auth/login\",\"status\":\"200\",\"responseTime\":\"216.722\"}","timestamp":"2025-11-18T07:40:54.550Z"}
{"level":"\u001b[32minfo\u001b[39m","message":"{\"method\":\"GET\",\"url\":\"/api/mentors\",\"status\":\"200\",\"responseTime\":\"69.591\"}","timestamp":"2025-11-18T07:40:54.652Z"}
{"level":"\u001b[32minfo\u001b[39m","message":"{\"method\":\"GET\",\"url\":\"/api/mentors\",\"status\":\"200\",\"responseTime\":\"76.866\"}","timestamp":"2025-11-18T07:40:54.673Z"}
{"level":"\u001b[32minfo\u001b[39m","message":"{\"method\":\"GET\",\"url\":\"/api/requests/me\",\"status\":\"200\",\"responseTime\":\"193.560\"}","timestamp":"2025-11-18T07:40:54.792Z"}
{"level":"\u001b[32minfo\u001b[39m","message":"{\"method\":\"GET\",\"url\":\"/api/requests/me\",\"status\":\"200\",\"responseTime\":\"606.030\"}","timestamp":"2025-11-18T07:40:55.208Z"}
{"level":"\u001b[32minfo\u001b[39m","message":"{\"method\":\"GET\",\"url\":\"/api/mentors/me/profile\",\"status\":\"304\",\"responseTime\":\"128.299\"}","timestamp":"2025-11-18T07:50:01.094Z"}
{"level":"\u001b[32minfo\u001b[39m","message":"{\"method\":\"GET\",\"url\":\"/api/requests/mentor/me\",\"status\":\"304\",\"responseTime\":\"168.769\"}","timestamp":"2025-11-18T07:50:01.134Z"}
{"level":"\u001b[32minfo\u001b[39m","message":"{\"method\":\"GET\",\"url\":\"/api/admin/mentors?status=pending\",\"status\":\"304\",\"responseTime\":\"123.728\"}","timestamp":"2025-11-18T07:50:08.098Z"}
{"level":"\u001b[32minfo\u001b[39m","message":"{\"method\":\"GET\",\"url\":\"/api/admin/stats\",\"status\":\"200\",\"responseTime\":\"567.258\"}","timestamp":"2025-11-18T07:50:08.540Z"}
